<?xml version="1.0" encoding="UTF-8"?>
<web-app xmlns="https://jakarta.ee/xml/ns/jakartaee"
  xmlns:xsi="http://www.w3.org/2001/XMLSchema-instance" version="6.0"
  xsi:schemaLocation="https://jakarta.ee/xml/ns/jakartaee https://jakarta.ee/xml/ns/jakartaee/web-app_6_0.xsd">
  <env-entry>
    <env-entry-name>java:app/configuration/GraphTraversalUrl</env-entry-name>
    <env-entry-type>java.lang.String</env-entry-type>
    <env-entry-value>http://localhost:8080/cargo-tracker-test/rest/graph-traversal/shortest-path</env-entry-value>
  </env-entry>
  <data-source>
    <name>java:app/jdbc/CargoTrackerDatabase</name>
    <class-name>org.hsqldb.jdbc.JDBCDriver</class-name>
    <url>jdbc:hsqldb:mem:CargoTrackerDB</url>
    <user>usr</user>
    <password>pwd</password>
  </data-source>
</web-app>
